<?xml version="1.0" encoding="UTF-8"?>
<testng-results skipped="1" failed="0" total="1" passed="0">
  <reporter-output>
  </reporter-output>
  <suite name="suite" duration-ms="3630" started-at="2013-07-18T06:25:27Z" finished-at="2013-07-18T06:25:30Z">
    <groups>
    </groups>
    <test name="Default" duration-ms="3630" started-at="2013-07-18T06:25:27Z" finished-at="2013-07-18T06:25:30Z">
      <class name="com.anjukeinc.iata.ui.init.Init">
        <test-method status="PASS" signature="beforeSuite()[pri:0, instance:com.anjukeinc.iata.ui.init.Init@19bb5c09]" name="beforeSuite" is-config="true" duration-ms="6" started-at="2013-07-18T14:25:27Z" finished-at="2013-07-18T14:25:27Z">
          <reporter-output>
          </reporter-output>
        </test-method> <!-- beforeSuite -->
        <test-method status="PASS" signature="afterSuite(java.lang.String, java.lang.String)[pri:0, instance:com.anjukeinc.iata.ui.init.Init@19bb5c09]" name="afterSuite" is-config="true" duration-ms="1" started-at="2013-07-18T14:25:30Z" finished-at="2013-07-18T14:25:30Z">
          <params>
            <param index="0">
              <value>
                <![CDATA[Anjuke Part2]]>
              </value>
            </param>
            <param index="1">
              <value>
                <![CDATA[--安居客常规测试--]]>
              </value>
            </param>
          </params>
          <reporter-output>
          </reporter-output>
        </test-method> <!-- afterSuite -->
      </class> <!-- com.anjukeinc.iata.ui.init.Init -->
      <class name="pic.anjuke.qa.Pic">
        <test-method status="FAIL" signature="setUp()[pri:0, instance:pic.anjuke.qa.Pic@1f3785d3]" name="setUp" is-config="true" duration-ms="0" started-at="2013-07-18T14:25:27Z" finished-at="2013-07-18T14:25:27Z">
          <exception class="java.lang.NullPointerException">
            <full-stacktrace>
              <![CDATA[java.lang.NullPointerException
	at com.anjukeinc.iata.ui.browser.FactoryBrowser.factoryBrowser(FactoryBrowser.java:41)
	at pic.anjuke.qa.Pic.setUp(Pic.java:21)
	at sun.reflect.NativeMethodAccessorImpl.invoke0(Native Method)
	at sun.reflect.NativeMethodAccessorImpl.invoke(NativeMethodAccessorImpl.java:39)
	at sun.reflect.DelegatingMethodAccessorImpl.invoke(DelegatingMethodAccessorImpl.java:25)
	at java.lang.reflect.Method.invoke(Method.java:597)
	at org.testng.internal.MethodInvocationHelper.invokeMethod(MethodInvocationHelper.java:84)
	at org.testng.internal.Invoker.invokeConfigurationMethod(Invoker.java:564)
	at org.testng.internal.Invoker.invokeConfigurations(Invoker.java:213)
	at org.testng.internal.Invoker.invokeConfigurations(Invoker.java:138)
	at org.testng.internal.TestMethodWorker.invokeBeforeClassMethods(TestMethodWorker.java:175)
	at org.testng.internal.TestMethodWorker.run(TestMethodWorker.java:107)
	at java.util.concurrent.ThreadPoolExecutor$Worker.runTask(ThreadPoolExecutor.java:895)
	at java.util.concurrent.ThreadPoolExecutor$Worker.run(ThreadPoolExecutor.java:918)
	at java.lang.Thread.run(Thread.java:662)
]]>
            </full-stacktrace>
          </exception> <!-- java.lang.NullPointerException -->
          <reporter-output>
          </reporter-output>
        </test-method> <!-- setUp -->
        <test-method status="SKIP" signature="shanghai()[pri:0, instance:pic.anjuke.qa.Pic@1f3785d3]" name="shanghai" duration-ms="0" started-at="2013-07-18T14:25:30Z" finished-at="2013-07-18T14:25:30Z">
          <reporter-output>
          </reporter-output>
        </test-method> <!-- shanghai -->
        <test-method status="SKIP" signature="tearDown()[pri:0, instance:pic.anjuke.qa.Pic@1f3785d3]" name="tearDown" is-config="true" duration-ms="0" started-at="2013-07-18T14:25:30Z" finished-at="2013-07-18T14:25:30Z">
          <reporter-output>
          </reporter-output>
        </test-method> <!-- tearDown -->
      </class> <!-- pic.anjuke.qa.Pic -->
    </test> <!-- Default -->
  </suite> <!-- suite -->
</testng-results>
