<?xml version="1.0" encoding="UTF-8"?>
<!-- Generated by org.testng.reporters.JUnitXMLReporter -->
<testsuite hostname="emily" name="Default" tests="1" failures="0" timestamp="18 Jul 2013 06:25:30 GMT" time="3.63" errors="0">
  <testcase name="@BeforeClass setUp" time="0.0" classname="pic.anjuke.qa.Pic">
    <failure type="java.lang.NullPointerException">
      <![CDATA[java.lang.NullPointerException
	at com.anjukeinc.iata.ui.browser.FactoryBrowser.factoryBrowser(FactoryBrowser.java:41)
	at pic.anjuke.qa.Pic.setUp(Pic.java:21)
	at java.util.concurrent.ThreadPoolExecutor$Worker.runTask(ThreadPoolExecutor.java:895)
	at java.util.concurrent.ThreadPoolExecutor$Worker.run(ThreadPoolExecutor.java:918)
	at java.lang.Thread.run(Thread.java:662)
... Removed 10 stack frames]]>
    </failure>
  </testcase> <!-- @BeforeClass setUp -->
  <testcase name="@AfterClass tearDown" time="0.0" classname="pic.anjuke.qa.Pic">
    <skipped/>
  </testcase> <!-- @AfterClass tearDown -->
  <testcase name="shanghai" time="0.0" classname="pic.anjuke.qa.Pic">
    <skipped/>
  </testcase> <!-- shanghai -->
</testsuite> <!-- Default -->
