<?xml version="1.0" encoding="UTF-8"?>
<testng-results skipped="1" failed="0" total="1" passed="0">
  <reporter-output>
  </reporter-output>
  <suite name="suite" duration-ms="22" started-at="2013-07-18T06:16:28Z" finished-at="2013-07-18T06:16:28Z">
    <groups>
    </groups>
    <test name="Default" duration-ms="22" started-at="2013-07-18T06:16:28Z" finished-at="2013-07-18T06:16:28Z">
      <class name="pic.anjuke.qa.Pic">
        <test-method status="FAIL" signature="setUp()[pri:0, instance:pic.anjuke.qa.Pic@199836ed]" name="setUp" is-config="true" duration-ms="0" started-at="2013-07-18T14:16:28Z" finished-at="2013-07-18T14:16:28Z">
          <exception class="java.lang.NoClassDefFoundError">
            <message>
              <![CDATA[com/anjukeinc/iata/ui/browser/FactoryBrowser]]>
            </message>
            <full-stacktrace>
              <![CDATA[java.lang.NoClassDefFoundError: com/anjukeinc/iata/ui/browser/FactoryBrowser
	at pic.anjuke.qa.Pic.setUp(Pic.java:21)
	at sun.reflect.NativeMethodAccessorImpl.invoke0(Native Method)
	at sun.reflect.NativeMethodAccessorImpl.invoke(NativeMethodAccessorImpl.java:39)
	at sun.reflect.DelegatingMethodAccessorImpl.invoke(DelegatingMethodAccessorImpl.java:25)
	at java.lang.reflect.Method.invoke(Method.java:597)
	at org.testng.internal.MethodInvocationHelper.invokeMethod(MethodInvocationHelper.java:84)
	at org.testng.internal.Invoker.invokeConfigurationMethod(Invoker.java:564)
	at org.testng.internal.Invoker.invokeConfigurations(Invoker.java:213)
	at org.testng.internal.Invoker.invokeConfigurations(Invoker.java:138)
	at org.testng.internal.TestMethodWorker.invokeBeforeClassMethods(TestMethodWorker.java:175)
	at org.testng.internal.TestMethodWorker.run(TestMethodWorker.java:107)
	at java.util.concurrent.ThreadPoolExecutor$Worker.runTask(ThreadPoolExecutor.java:895)
	at java.util.concurrent.ThreadPoolExecutor$Worker.run(ThreadPoolExecutor.java:918)
	at java.lang.Thread.run(Thread.java:662)
Caused by: java.lang.ClassNotFoundException: com.anjukeinc.iata.ui.browser.FactoryBrowser
	at java.net.URLClassLoader$1.run(URLClassLoader.java:202)
	at java.security.AccessController.doPrivileged(Native Method)
	at java.net.URLClassLoader.findClass(URLClassLoader.java:190)
	at java.lang.ClassLoader.loadClass(ClassLoader.java:306)
	at sun.misc.Launcher$AppClassLoader.loadClass(Launcher.java:301)
	at java.lang.ClassLoader.loadClass(ClassLoader.java:247)
	... 14 more
]]>
            </full-stacktrace>
          </exception> <!-- java.lang.NoClassDefFoundError -->
          <reporter-output>
          </reporter-output>
        </test-method> <!-- setUp -->
        <test-method status="SKIP" signature="shanghai()[pri:0, instance:pic.anjuke.qa.Pic@199836ed]" name="shanghai" duration-ms="1" started-at="2013-07-18T14:16:28Z" finished-at="2013-07-18T14:16:28Z">
          <reporter-output>
          </reporter-output>
        </test-method> <!-- shanghai -->
        <test-method status="SKIP" signature="tearDown()[pri:0, instance:pic.anjuke.qa.Pic@199836ed]" name="tearDown" is-config="true" duration-ms="0" started-at="2013-07-18T14:16:28Z" finished-at="2013-07-18T14:16:28Z">
          <reporter-output>
          </reporter-output>
        </test-method> <!-- tearDown -->
      </class> <!-- pic.anjuke.qa.Pic -->
    </test> <!-- Default -->
  </suite> <!-- suite -->
</testng-results>
